<?xml version="1.0" encoding="UTF-8"?>
<testng-results skipped="0" failed="0" ignored="0" total="1" passed="1">
  <reporter-output>
  </reporter-output>
  <suite name="Default suite" duration-ms="2238" started-at="2020-03-08T12:11:16Z" finished-at="2020-03-08T12:11:18Z">
    <groups>
    </groups>
    <test name="Default test" duration-ms="2238" started-at="2020-03-08T12:11:16Z" finished-at="2020-03-08T12:11:18Z">
      <class name="com.sag.appium.RestAssued1.PutTest">
        <test-method status="PASS" signature="TestPut()[pri:0, instance:com.sag.appium.RestAssued1.PutTest@d8355a8]" name="TestPut" duration-ms="2213" started-at="2020-03-08T12:11:16Z" finished-at="2020-03-08T12:11:18Z">
          <reporter-output>
          </reporter-output>
        </test-method> <!-- TestPut -->
      </class> <!-- com.sag.appium.RestAssued1.PutTest -->
    </test> <!-- Default test -->
  </suite> <!-- Default suite -->
</testng-results>
